<?xml version="1.0" encoding="UTF-8"?>
<!-- Generated by org.testng.reporters.JUnitXMLReporter -->
<testsuite ignored="0" hostname="DESKTOP-35QI2EL" failures="0" tests="4" name="Testing on Chrome" time="62.925" errors="0" timestamp="2024-09-01T14:54:23 IST">
  <testcase classname="testCase_POM.TestCase4" name="purchase" time="7.996"/>
  <testcase classname="testCase_POM.TestCase3" name="register" time="2.952"/>
  <testcase classname="testCase_POM.TestCase2" name="search_product" time="26.391"/>
  <testcase classname="testCase_POM.TestCase1" name="login_amazon" time="2.714"/>
</testsuite> <!-- Testing on Chrome -->
