<?xml version="1.0" encoding="UTF-8"?>
<testng-results ignored="0" total="1" passed="1" failed="0" skipped="0">
  <reporter-output>
    <line>
      <![CDATA[test case is pass]]>
    </line>
  </reporter-output>
  <suite started-at="2024-09-16T18:31:02 IST" name="Default suite" finished-at="2024-09-16T18:31:36 IST" duration-ms="33359">
    <groups>
    </groups>
    <test started-at="2024-09-16T18:31:02 IST" name="Default test" finished-at="2024-09-16T18:31:36 IST" duration-ms="33359">
      <class name="testCase_POM.Testcase15">
        <test-method is-config="true" signature="launch()[pri:0, instance:testCase_POM.Testcase15@2c35e847]" started-at="2024-09-16T18:31:02 IST" name="launch" finished-at="2024-09-16T18:31:18 IST" duration-ms="15831" status="PASS">
          <reporter-output>
          </reporter-output>
        </test-method> <!-- launch -->
        <test-method signature="search_product()[pri:0, instance:testCase_POM.Testcase15@2c35e847]" started-at="2024-09-16T18:31:18 IST" name="search_product" finished-at="2024-09-16T18:31:35 IST" duration-ms="16605" status="PASS">
          <reporter-output>
            <line>
              <![CDATA[test case is pass]]>
            </line>
          </reporter-output>
        </test-method> <!-- search_product -->
        <test-method is-config="true" signature="post1()[pri:0, instance:testCase_POM.Testcase15@2c35e847]" started-at="2024-09-16T18:31:35 IST" name="post1" finished-at="2024-09-16T18:31:36 IST" duration-ms="400" status="PASS">
          <reporter-output>
          </reporter-output>
        </test-method> <!-- post1 -->
      </class> <!-- testCase_POM.Testcase15 -->
    </test> <!-- Default test -->
  </suite> <!-- Default suite -->
</testng-results>
